\BOOKMARK [0][-]{chapter.1}{\376\377\000R\000y\000n\000e\000k\000\040\000j\000a\000k\000o\000\040\000p\000r\000z\000e\000d\000m\000i\000o\000t\000\040\000s\000y\000m\000u\000l\000a\000c\000j\000i}{}% 1
\BOOKMARK [1][-]{section.1.1}{\376\377\000Z\000a\000s\000a\000d\000y\000\040\000o\000b\000r\000o\000t\000u\000\040\000n\000a\000\040\000g\000i\000e\001\102\000d\000z\000i\000e\000\040\000p\000a\000p\000i\000e\000r\000\363\000w\000\040\000w\000a\000r\000t\000o\001\133\000c\000i\000o\000w\000y\000c\000h}{chapter.1}% 2
\BOOKMARK [2][-]{subsection.1.1.1}{\376\377\000R\000e\000a\000l\000i\000z\000a\000c\000j\000a\000\040\000t\000r\000a\000n\000s\000a\000k\000c\000j\000i}{section.1.1}% 3
\BOOKMARK [1][-]{section.1.2}{\376\377\000S\000t\000y\000l\000i\000z\000o\000w\000a\000n\000e\000\040\000f\000a\000k\000t\000y}{chapter.1}% 4
\BOOKMARK [0][-]{chapter.2}{\376\377\000K\000o\000n\000s\000t\000r\000u\000k\000c\000j\000a\000\040\000m\000o\000d\000e\000l\000u\000\040\000a\000g\000e\000n\000t\000o\000w\000e\000g\000o}{}% 5
\BOOKMARK [1][-]{section.2.1}{\376\377\000O\000d\000w\000z\000o\000r\000o\000w\000a\000n\000i\000e\000\040\000i\000n\000s\000t\000y\000t\000u\000c\000j\000i}{chapter.2}% 6
\BOOKMARK [2][-]{subsection.2.1.1}{\376\377\000K\000o\000m\000u\000n\000i\000k\000a\000c\000j\000a\000\040\000i\000\040\000j\001\031\000z\000y\000k}{section.2.1}% 7
\BOOKMARK [2][-]{subsection.2.1.2}{\376\377\000R\000e\000g\000u\001\102\000y\000\040\000s\000p\000r\000z\000e\000d\000a\001\174\000y\000\040\000i\000\040\000k\000u\000p\000n\000a}{section.2.1}% 8
\BOOKMARK [2][-]{subsection.2.1.3}{\376\377\000A\000k\000t\000y\000w\000n\000o\001\133\001\007\000\040\000a\000g\000e\000n\000t\000\363\000w}{section.2.1}% 9
\BOOKMARK [1][-]{section.2.2}{\376\377\000A\000g\000e\000n\000c\000i}{chapter.2}% 10
\BOOKMARK [2][-]{subsection.2.2.1}{\376\377\000A\000g\000e\000n\000c\000i\000\040\000t\000y\000p\000u\000\040\000H\000e\000u\000r\000i\000s\000t\000i\000c\000\040\000B\000e\000l\000i\000e\000f\000\040\000L\000e\000a\000r\000n\000i\000n\000g}{section.2.2}% 11
\BOOKMARK [2][-]{subsection.2.2.2}{\376\377\000A\000g\000e\000n\000c\000i\000\040\000t\000y\000p\000u\000\040\000Z\000e\000r\000o\000\040\000I\000n\000t\000e\000l\000l\000i\000g\000e\000n\000c\000e\000\040\000P\000l\000u\000s}{section.2.2}% 12
\BOOKMARK [0][-]{chapter.3}{\376\377\000M\000o\000d\000e\000l\000\040\000r\000e\000f\000e\000r\000e\000n\000c\000y\000j\000n\000y}{}% 13
\BOOKMARK [1][-]{section.3.1}{\376\377\000R\000o\000z\000w\000i\001\005\000z\000a\000n\000i\000a\000\040\000t\000e\000c\000h\000n\000i\000c\000z\000n\000e}{chapter.3}% 14
\BOOKMARK [2][-]{subsection.3.1.1}{\376\377\000C\000h\000r\000o\000n\000o\000l\000o\000g\000i\000a\000\040\000z\000d\000a\000r\000z\000e\001\104}{section.3.1}% 15
\BOOKMARK [2][-]{subsection.3.1.2}{\376\377\000W\000y\000r\000o\000c\000z\000n\000i\000a}{section.3.1}% 16
\BOOKMARK [2][-]{subsection.3.1.3}{\376\377\000W\000i\000e\000l\000k\000o\001\133\001\007\000\040\000z\000l\000e\000c\000e\001\104}{section.3.1}% 17
\BOOKMARK [2][-]{subsection.3.1.4}{\376\377\000I\000m\000p\000l\000e\000m\000e\000n\000t\000a\000c\000j\000a}{section.3.1}% 18
\BOOKMARK [1][-]{section.3.2}{\376\377\000K\000o\000n\000f\000i\000g\000u\000r\000a\000c\000j\000a\000\040\000r\000e\000f\000e\000r\000e\000n\000c\000y\000j\000n\000a}{chapter.3}% 19
\BOOKMARK [0][-]{chapter.4}{\376\377\000M\000o\000d\000e\000l\000o\000w\000a\000n\000i\000e\000\040\000p\000r\000z\000e\000w\000a\000g\000i\000\040\000i\000n\000f\000o\000r\000m\000a\000c\000j\000i}{}% 20
\BOOKMARK [1][-]{section.4.1}{\376\377\000Z\000a\001\102\000o\001\174\000e\000n\000i\000a}{chapter.4}% 21
\BOOKMARK [2][-]{subsection.4.1.1}{\376\377\000Z\000d\000a\000r\000z\000e\000n\000i\000e}{section.4.1}% 22
\BOOKMARK [2][-]{subsection.4.1.2}{\376\377\000I\000n\000f\000o\000r\000m\000a\000t\000o\000r\000z\000y\000\040\000i\000\040\000o\000b\000s\000e\000r\000w\000u\000j\001\005\000c\000y}{section.4.1}% 23
\BOOKMARK [1][-]{section.4.2}{\376\377\000U\000w\000z\000g\000l\001\031\000d\000n\000i\000e\000n\000i\000e\000\040\000p\000r\000z\000e\000w\000a\000g\000i\000\040\000i\000n\000f\000o\000r\000m\000a\000c\000j\000i}{chapter.4}% 24
\BOOKMARK [1][-]{section.4.3}{\376\377\000K\000o\000m\000u\000n\000i\000k\000a\000c\000j\000a\000\040\000m\000i\001\031\000d\000z\000y\000\040\000a\000g\000e\000n\000t\000a\000m\000i}{chapter.4}% 25
\BOOKMARK [0][-]{chapter.5}{\376\377\000A\000n\000a\000l\000i\000z\000a\000\040\000w\000p\001\102\000y\000w\000u\000\040\000p\000r\000z\000e\000w\000a\000g\000i\000\040\000i\000n\000f\000o\000r\000m\000a\000c\000j\000i}{}% 26
\BOOKMARK [1][-]{section.5.1}{\376\377\000P\000l\000a\000n\000\040\000s\000y\000m\000u\000l\000a\000c\000j\000i}{chapter.5}% 27
\BOOKMARK [2][-]{subsection.5.1.1}{\376\377\000Z\000a\000l\000e\001\174\000n\000o\001\133\001\007\000\040\000s\000t\000r\000a\000t\000e\000g\000i\000i\000\040\000o\000d\000\040\000k\000a\000p\000i\000t\000a\001\102\000u}{section.5.1}% 28
\BOOKMARK [2][-]{subsection.5.1.2}{\376\377\000W\000p\001\102\000y\000w\000\040\000l\000i\000c\000z\000b\000y\000\040\000o\000b\000s\000e\000r\000w\000u\000j\001\005\000c\000y\000c\000h\000\040\000n\000a\000\040\000s\000t\000r\000a\000t\000e\000g\000i\001\031\000\040\000i\000n\000f\000o\000r\000m\000a\000t\000o\000r\000a}{section.5.1}% 29
\BOOKMARK [1][-]{section.5.2}{\376\377\000A\000n\000a\000l\000i\000z\000a\000\040\000w\000y\000n\000i\000k\000\363\000w}{chapter.5}% 30
\BOOKMARK [2][-]{subsection.5.2.1}{\376\377\000W\000p\001\102\000y\000w\000\040\000s\000k\000a\000l\000i\000\040\000d\000z\000i\000a\001\102\000a\000n\000i\000a\000\040\000i\000n\000f\000o\000r\000m\000a\000t\000o\000r\000a\000\040\000n\000a\000\040\000i\000n\000n\000o\000w\000a\000c\000j\001\031\000\040\000c\000e\000n\000y}{section.5.2}% 31
\BOOKMARK [2][-]{subsection.5.2.2}{\376\377\000O\000g\000r\000a\000n\000i\000c\000z\000e\000n\000i\000e\000\040\000n\000a\000\040\000m\000a\000k\000s\000y\000m\000a\000l\000n\000y\000\040\000k\000a\000p\000i\000t\000a\001\102\000\040\000i\000n\000f\000o\000r\000m\000a\000t\000o\000r\000a}{section.5.2}% 32
\BOOKMARK [2][-]{subsection.5.2.3}{\376\377\000W\000p\001\102\000y\000w\000\040\000s\000t\000r\000a\000t\000e\000g\000i\000i\000\040\000i\000n\000f\000o\000r\000m\000a\000t\000o\000r\000a\000\040\000n\000a\000\040\000w\000y\000p\001\102\000a\000t\000y\000\040\000i\000n\000n\000y\000c\000h\000\040\000g\000r\000a\000c\000z\000y}{section.5.2}% 33
\BOOKMARK [2][-]{subsection.5.2.4}{\376\377\000O\000g\000r\000a\000n\000i\000c\000z\000e\000n\000i\000e\000\040\000n\000a\000\040\000l\000i\000c\000z\000b\001\031\000\040\000o\000b\000s\000e\000r\000w\000u\000j\001\005\000c\000y\000c\000h}{section.5.2}% 34
